2024-09-02/12:05:32 [ERR] #/Users/zq/web3/go_template/internal/handler/user.go#github.com/Zkeai/MuCoinPay/mucoin_pay_go/internal/handler.userRegister#31行#[[Error 1406 (22001): Data too long for column 'wallet' at row 1]]
2024-09-02/12:16:30 [INF] #/Users/zq/web3/go_template/common/middleware/casbin.go#github.com/Zkeai/MuCoinPay/mucoin_pay_go/internal/handler.InitRouter.CasbinMiddleware.func3#13行#[[CasbinMiddleware 0xf5f77d4e368f6ee1115515db3a537bbf98888888]]
2024-09-02/13:32:26 [INF] #/Users/zq/web3/go_template/common/middleware/casbin.go#github.com/Zkeai/MuCoinPay/mucoin_pay_go/common/middleware.CasbinMiddleware.func1#25行#[[获取sub ]]
2024-09-02/13:33:56 [INF] #/Users/zq/web3/go_template/common/middleware/casbin.go#github.com/Zkeai/MuCoinPay/mucoin_pay_go/common/middleware.CasbinMiddleware.func1#25行#[[获取sub ]]
2024-09-02/13:35:52 [INF] #/Users/zq/web3/go_template/common/middleware/casbin.go#github.com/Zkeai/MuCoinPay/mucoin_pay_go/common/middleware.CasbinMiddleware.func1#25行#[[获取sub ]]
2024-09-02/13:41:51 [INF] #/Users/zq/web3/go_template/common/middleware/casbin.go#github.com/Zkeai/MuCoinPay/mucoin_pay_go/common/middleware.CasbinMiddleware.func1#25行#[[获取sub ]]
2024-09-02/13:45:36 [INF] #/Users/zq/web3/go_template/common/middleware/casbin.go#github.com/Zkeai/MuCoinPay/mucoin_pay_go/common/middleware.CasbinMiddleware.func1#32行#[[获取sub ]]
2024-09-02/13:46:00 [INF] #/Users/zq/web3/go_template/common/middleware/casbin.go#github.com/Zkeai/MuCoinPay/mucoin_pay_go/common/middleware.CasbinMiddleware.func1#32行#[[获取sub ]]
2024-09-02/13:47:06 [INF] #/Users/zq/web3/go_template/common/middleware/casbin.go#github.com/Zkeai/MuCoinPay/mucoin_pay_go/common/middleware.CasbinMiddleware.func1#32行#[[获取sub ]]
2024-09-02/13:54:40 [INF] #/Users/zq/web3/go_template/common/middleware/casbin.go#github.com/Zkeai/MuCoinPay/mucoin_pay_go/common/middleware.CasbinMiddleware.func1#31行#[[获取sub ]]
2024-09-02/13:55:01 [INF] #/Users/zq/web3/go_template/common/middleware/casbin.go#github.com/Zkeai/MuCoinPay/mucoin_pay_go/common/middleware.CasbinMiddleware.func1#31行#[[获取sub ]]
2024-09-02/13:58:36 [INF] #/Users/zq/web3/go_template/common/middleware/casbin.go#github.com/Zkeai/MuCoinPay/mucoin_pay_go/internal/handler.InitRouter.CasbinMiddleware.func3#40行#[[获取sub user]]
2024-09-03/09:06:43 [ERR] #/Users/zq/web3/MuCoinPay/mucoin_pay_go/internal/service/user.go#github.com/Zkeai/MuCoinPay/mucoin_pay_go/internal/service.(*Service).UserLogin#87行#[[Failed to unmarshal JSON data: %v unexpected end of JSON input]]
2024-09-03/09:06:43 [ERR] #/Users/zq/web3/MuCoinPay/mucoin_pay_go/internal/handler/user.go#github.com/Zkeai/MuCoinPay/mucoin_pay_go/internal/handler.userLogin#63行#[[failed to unmarshal]]
2024-09-03/10:54:00 [ERR] #/Users/zq/web3/MuCoinPay/mucoin_pay_go/internal/handler/user.go#github.com/Zkeai/MuCoinPay/mucoin_pay_go/internal/handler.userLogin#63行#[[Error 1364 (HY000): Field 'create_time' doesn't have a default value]]
2024-09-03/10:54:59 [ERR] #/Users/zq/web3/MuCoinPay/mucoin_pay_go/internal/repo/db/business.go#github.com/Zkeai/MuCoinPay/mucoin_pay_go/internal/repo/db.(*DB).QueryBusiness#50行#[[sql: expected 10 destination arguments in Scan, not 1]]
2024-09-03/10:54:59 [ERR] #/Users/zq/web3/MuCoinPay/mucoin_pay_go/internal/handler/user.go#github.com/Zkeai/MuCoinPay/mucoin_pay_go/internal/handler.userLogin#63行#[[sql: expected 10 destination arguments in Scan, not 1]]
2024-09-03/10:58:14 [ERR] #/Users/zq/web3/MuCoinPay/mucoin_pay_go/internal/repo/db/business.go#github.com/Zkeai/MuCoinPay/mucoin_pay_go/internal/repo/db.(*DB).QueryBusiness#50行#[[sql: expected 10 destination arguments in Scan, not 8]]
2024-09-03/10:58:14 [ERR] #/Users/zq/web3/MuCoinPay/mucoin_pay_go/internal/handler/user.go#github.com/Zkeai/MuCoinPay/mucoin_pay_go/internal/handler.userLogin#63行#[[sql: expected 10 destination arguments in Scan, not 8]]
2024-09-03/10:59:21 [ERR] #/Users/zq/web3/MuCoinPay/mucoin_pay_go/internal/repo/db/business.go#github.com/Zkeai/MuCoinPay/mucoin_pay_go/internal/repo/db.(*DB).QueryBusiness#50行#[[sql: Scan error on column index 2, name "shop_name": converting NULL to string is unsupported]]
2024-09-03/10:59:21 [ERR] #/Users/zq/web3/MuCoinPay/mucoin_pay_go/internal/handler/user.go#github.com/Zkeai/MuCoinPay/mucoin_pay_go/internal/handler.userLogin#63行#[[sql: Scan error on column index 2, name "shop_name": converting NULL to string is unsupported]]
2024-09-03/11:14:34 [ERR] #/Users/zq/web3/MuCoinPay/mucoin_pay_go/internal/repo/db/business.go#github.com/Zkeai/MuCoinPay/mucoin_pay_go/internal/repo/db.(*DB).QueryBusiness#50行#[[sql: Scan error on column index 3, name "title": unsupported Scan, storing driver.Value type <nil> into type *time.Time]]
2024-09-03/11:14:34 [ERR] #/Users/zq/web3/MuCoinPay/mucoin_pay_go/internal/handler/user.go#github.com/Zkeai/MuCoinPay/mucoin_pay_go/internal/handler.userLogin#63行#[[sql: Scan error on column index 3, name "title": unsupported Scan, storing driver.Value type <nil> into type *time.Time]]
2024-09-03/11:18:20 [ERR] #/Users/zq/web3/MuCoinPay/mucoin_pay_go/internal/handler/user.go#github.com/Zkeai/MuCoinPay/mucoin_pay_go/internal/handler.userLogin#63行#[[sql: expected 3 arguments, got 1]]
2024-09-03/11:19:02 [ERR] #/Users/zq/web3/MuCoinPay/mucoin_pay_go/internal/repo/db/business.go#github.com/Zkeai/MuCoinPay/mucoin_pay_go/internal/repo/db.(*DB).QueryBusiness#50行#[[sql: Scan error on column index 3, name "title": unsupported Scan, storing driver.Value type []uint8 into type *time.Time]]
2024-09-03/11:19:02 [ERR] #/Users/zq/web3/MuCoinPay/mucoin_pay_go/internal/handler/user.go#github.com/Zkeai/MuCoinPay/mucoin_pay_go/internal/handler.userLogin#63行#[[sql: Scan error on column index 3, name "title": unsupported Scan, storing driver.Value type []uint8 into type *time.Time]]
2024-09-03/11:24:47 [ERR] #/Users/zq/web3/MuCoinPay/mucoin_pay_go/internal/repo/db/business.go#github.com/Zkeai/MuCoinPay/mucoin_pay_go/internal/repo/db.(*DB).QueryBusiness#50行#[[sql: Scan error on column index 3, name "title": unsupported Scan, storing driver.Value type []uint8 into type *time.Time]]
2024-09-03/11:25:02 [ERR] #/Users/zq/web3/MuCoinPay/mucoin_pay_go/internal/handler/user.go#github.com/Zkeai/MuCoinPay/mucoin_pay_go/internal/handler.userLogin#63行#[[sql: Scan error on column index 3, name "title": unsupported Scan, storing driver.Value type []uint8 into type *time.Time]]
2024-09-03/11:25:43 [ERR] #/Users/zq/web3/MuCoinPay/mucoin_pay_go/internal/repo/db/business.go#github.com/Zkeai/MuCoinPay/mucoin_pay_go/internal/repo/db.(*DB).QueryBusiness#50行#[[sql: Scan error on column index 3, name "title": unsupported Scan, storing driver.Value type []uint8 into type *time.Time]]
2024-09-03/11:26:10 [ERR] #/Users/zq/web3/MuCoinPay/mucoin_pay_go/internal/handler/user.go#github.com/Zkeai/MuCoinPay/mucoin_pay_go/internal/handler.userLogin#63行#[[sql: Scan error on column index 3, name "title": unsupported Scan, storing driver.Value type []uint8 into type *time.Time]]
2024-09-03/11:26:39 [ERR] #/Users/zq/web3/MuCoinPay/mucoin_pay_go/internal/repo/db/business.go#github.com/Zkeai/MuCoinPay/mucoin_pay_go/internal/repo/db.(*DB).QueryBusiness#50行#[[sql: Scan error on column index 3, name "title": unsupported Scan, storing driver.Value type []uint8 into type *time.Time]]
2024-09-03/11:26:58 [ERR] #/Users/zq/web3/MuCoinPay/mucoin_pay_go/internal/handler/user.go#github.com/Zkeai/MuCoinPay/mucoin_pay_go/internal/handler.userLogin#63行#[[sql: Scan error on column index 3, name "title": unsupported Scan, storing driver.Value type []uint8 into type *time.Time]]
2024-09-03/11:34:40 [ERR] #/Users/zq/web3/MuCoinPay/mucoin_pay_go/internal/repo/db/business.go#github.com/Zkeai/MuCoinPay/mucoin_pay_go/internal/repo/db.(*DB).QueryBusiness#61行#[[sql: Scan error on column index 4, name "notice": converting NULL to string is unsupported]]
2024-09-03/11:34:40 [ERR] #/Users/zq/web3/MuCoinPay/mucoin_pay_go/internal/handler/user.go#github.com/Zkeai/MuCoinPay/mucoin_pay_go/internal/handler.userLogin#63行#[[sql: Scan error on column index 4, name "notice": converting NULL to string is unsupported]]
2024-09-03/15:29:00 [ERR] #/Users/zq/web3/MuCoinPay/mucoin_pay_go/internal/repo/db/business.go#github.com/Zkeai/MuCoinPay/mucoin_pay_go/internal/repo/db.(*DB).QueryBusiness#58行#[[sql: expected 2 arguments, got 1]]
2024-09-03/15:29:00 [ERR] #/Users/zq/web3/MuCoinPay/mucoin_pay_go/internal/handler/buisness.go#github.com/Zkeai/MuCoinPay/mucoin_pay_go/internal/handler.businessQuery#20行#[[sql: expected 2 arguments, got 1]]
2024-09-03/15:29:55 [ERR] #/Users/zq/web3/MuCoinPay/mucoin_pay_go/internal/repo/db/business.go#github.com/Zkeai/MuCoinPay/mucoin_pay_go/internal/repo/db.(*DB).QueryBusiness#58行#[[sql: expected 2 arguments, got 1]]
2024-09-03/15:29:55 [ERR] #/Users/zq/web3/MuCoinPay/mucoin_pay_go/internal/handler/buisness.go#github.com/Zkeai/MuCoinPay/mucoin_pay_go/internal/handler.businessQuery#21行#[[sql: expected 2 arguments, got 1]]
2024-09-03/15:30:39 [ERR] #/Users/zq/web3/MuCoinPay/mucoin_pay_go/internal/repo/db/business.go#github.com/Zkeai/MuCoinPay/mucoin_pay_go/internal/repo/db.(*DB).QueryBusiness#58行#[[sql: expected 2 arguments, got 1]]
2024-09-03/15:31:01 [ERR] #/Users/zq/web3/MuCoinPay/mucoin_pay_go/internal/handler/buisness.go#github.com/Zkeai/MuCoinPay/mucoin_pay_go/internal/handler.businessQuery#21行#[[sql: expected 2 arguments, got 1]]
2024-09-03/15:31:07 [ERR] #/Users/zq/web3/MuCoinPay/mucoin_pay_go/internal/repo/db/business.go#github.com/Zkeai/MuCoinPay/mucoin_pay_go/internal/repo/db.(*DB).QueryBusiness#58行#[[sql: expected 2 arguments, got 1]]
2024-09-03/15:31:19 [ERR] #/Users/zq/web3/MuCoinPay/mucoin_pay_go/internal/handler/buisness.go#github.com/Zkeai/MuCoinPay/mucoin_pay_go/internal/handler.businessQuery#21行#[[sql: expected 2 arguments, got 1]]
2024-09-03/15:32:06 [ERR] #/Users/zq/web3/MuCoinPay/mucoin_pay_go/internal/repo/db/business.go#github.com/Zkeai/MuCoinPay/mucoin_pay_go/internal/repo/db.(*DB).QueryBusiness#58行#[[sql: expected 2 arguments, got 1]]
2024-09-03/23:44:04 [ERR] #/Users/zq/web3/MuCoinPay/mucoin_pay_go/internal/repo/db/business.go#github.com/Zkeai/MuCoinPay/mucoin_pay_go/internal/repo/db.(*DB).QueryBusiness#55行#[[sql: expected 10 destination arguments in Scan, not 7]]
2024-09-03/23:44:04 [ERR] #/Users/zq/web3/MuCoinPay/mucoin_pay_go/internal/handler/buisness.go#github.com/Zkeai/MuCoinPay/mucoin_pay_go/internal/handler.businessQuery#20行#[[sql: expected 10 destination arguments in Scan, not 7]]
2024-09-03/23:44:04 [ERR] #/Users/zq/web3/MuCoinPay/mucoin_pay_go/internal/repo/db/business.go#github.com/Zkeai/MuCoinPay/mucoin_pay_go/internal/repo/db.(*DB).QueryBusiness#55行#[[sql: expected 10 destination arguments in Scan, not 7]]
2024-09-03/23:44:04 [ERR] #/Users/zq/web3/MuCoinPay/mucoin_pay_go/internal/handler/buisness.go#github.com/Zkeai/MuCoinPay/mucoin_pay_go/internal/handler.businessQuery#20行#[[sql: expected 10 destination arguments in Scan, not 7]]
2024-09-03/23:46:59 [ERR] #/Users/zq/web3/MuCoinPay/mucoin_pay_go/internal/repo/db/business.go#github.com/Zkeai/MuCoinPay/mucoin_pay_go/internal/repo/db.(*DB).QueryBusiness#58行#[[sql: Scan error on column index 0, name "id": destination not a pointer]]
2024-09-03/23:46:59 [ERR] #/Users/zq/web3/MuCoinPay/mucoin_pay_go/internal/handler/buisness.go#github.com/Zkeai/MuCoinPay/mucoin_pay_go/internal/handler.businessQuery#20行#[[sql: Scan error on column index 0, name "id": destination not a pointer]]
2024-09-03/23:46:59 [ERR] #/Users/zq/web3/MuCoinPay/mucoin_pay_go/internal/repo/db/business.go#github.com/Zkeai/MuCoinPay/mucoin_pay_go/internal/repo/db.(*DB).QueryBusiness#58行#[[sql: Scan error on column index 0, name "id": destination not a pointer]]
2024-09-03/23:46:59 [ERR] #/Users/zq/web3/MuCoinPay/mucoin_pay_go/internal/handler/buisness.go#github.com/Zkeai/MuCoinPay/mucoin_pay_go/internal/handler.businessQuery#20行#[[sql: Scan error on column index 0, name "id": destination not a pointer]]
2024-09-03/23:52:32 [ERR] #/Users/zq/web3/MuCoinPay/mucoin_pay_go/internal/repo/db/business.go#github.com/Zkeai/MuCoinPay/mucoin_pay_go/internal/repo/db.(*DB).QueryBusiness#58行#[[sql: Scan error on column index 9, name "create_time": destination not a pointer]]
2024-09-03/23:52:32 [ERR] #/Users/zq/web3/MuCoinPay/mucoin_pay_go/internal/handler/buisness.go#github.com/Zkeai/MuCoinPay/mucoin_pay_go/internal/handler.businessQuery#20行#[[sql: Scan error on column index 9, name "create_time": destination not a pointer]]
2024-09-03/23:52:32 [ERR] #/Users/zq/web3/MuCoinPay/mucoin_pay_go/internal/repo/db/business.go#github.com/Zkeai/MuCoinPay/mucoin_pay_go/internal/repo/db.(*DB).QueryBusiness#58行#[[sql: Scan error on column index 9, name "create_time": destination not a pointer]]
2024-09-03/23:52:32 [ERR] #/Users/zq/web3/MuCoinPay/mucoin_pay_go/internal/handler/buisness.go#github.com/Zkeai/MuCoinPay/mucoin_pay_go/internal/handler.businessQuery#20行#[[sql: Scan error on column index 9, name "create_time": destination not a pointer]]
2024-09-03/23:54:11 [ERR] #/Users/zq/web3/MuCoinPay/mucoin_pay_go/internal/repo/db/business.go#github.com/Zkeai/MuCoinPay/mucoin_pay_go/internal/repo/db.(*DB).QueryBusiness#58行#[[sql: Scan error on column index 6, name "subdomain": destination not a pointer]]
2024-09-03/23:54:11 [ERR] #/Users/zq/web3/MuCoinPay/mucoin_pay_go/internal/handler/buisness.go#github.com/Zkeai/MuCoinPay/mucoin_pay_go/internal/handler.businessQuery#20行#[[sql: Scan error on column index 6, name "subdomain": destination not a pointer]]
2024-09-03/23:54:11 [ERR] #/Users/zq/web3/MuCoinPay/mucoin_pay_go/internal/repo/db/business.go#github.com/Zkeai/MuCoinPay/mucoin_pay_go/internal/repo/db.(*DB).QueryBusiness#58行#[[sql: Scan error on column index 6, name "subdomain": destination not a pointer]]
2024-09-03/23:54:11 [ERR] #/Users/zq/web3/MuCoinPay/mucoin_pay_go/internal/handler/buisness.go#github.com/Zkeai/MuCoinPay/mucoin_pay_go/internal/handler.businessQuery#20行#[[sql: Scan error on column index 6, name "subdomain": destination not a pointer]]
2024-09-04/08:55:18 [ERR] #/Users/zq/web3/MuCoinPay/mucoin_pay_go/internal/handler/category.go#github.com/Zkeai/MuCoinPay/mucoin_pay_go/internal/handler.categoryAdd#30行#[[Error 1048 (23000): Column 'sort' cannot be null]]
2024-09-04/09:58:12 [ERR] #/Users/zq/web3/MuCoinPay/mucoin_pay_go/internal/handler/category.go#github.com/Zkeai/MuCoinPay/mucoin_pay_go/internal/handler.categoryQuery#54行#[[sql: expected 4 destination arguments in Scan, not 5]]
2024-09-04/09:59:34 [ERR] #/Users/zq/web3/MuCoinPay/mucoin_pay_go/internal/handler/category.go#github.com/Zkeai/MuCoinPay/mucoin_pay_go/internal/handler.categoryQuery#54行#[[sql: Scan error on column index 3, name "icon": converting NULL to string is unsupported]]
2024-09-04/10:13:34 [ERR] #/Users/zq/web3/MuCoinPay/mucoin_pay_go/internal/handler/user.go#github.com/Zkeai/MuCoinPay/mucoin_pay_go/internal/handler.userLogin#63行#[[Error 1364 (HY000): Field 'create_time' doesn't have a default value]]
2024-09-05/11:02:13 [ERR] #/Users/zq/web3/MuCoinPay/mucoin_pay_go/internal/handler/commodity.go#github.com/Zkeai/MuCoinPay/mucoin_pay_go/internal/handler.createCommodity#30行#[[Error 1292 (22007): Incorrect datetime value: '0000-00-00' for column 'create_time' at row 1]]
2024-09-05/11:05:44 [ERR] #/Users/zq/web3/MuCoinPay/mucoin_pay_go/internal/handler/commodity.go#github.com/Zkeai/MuCoinPay/mucoin_pay_go/internal/handler.createCommodity#30行#[[Error 1292 (22007): Incorrect datetime value: '0000-00-00' for column 'create_time' at row 1]]
2024-09-05/11:05:46 [ERR] #/Users/zq/web3/MuCoinPay/mucoin_pay_go/internal/handler/commodity.go#github.com/Zkeai/MuCoinPay/mucoin_pay_go/internal/handler.createCommodity#30行#[[Error 1292 (22007): Incorrect datetime value: '0000-00-00' for column 'create_time' at row 1]]
2024-09-05/11:08:32 [ERR] #/Users/zq/web3/MuCoinPay/mucoin_pay_go/internal/handler/commodity.go#github.com/Zkeai/MuCoinPay/mucoin_pay_go/internal/handler.createCommodity#30行#[[Error 1292 (22007): Incorrect datetime value: '0000-00-00' for column 'create_time' at row 1]]
2024-09-05/11:14:57 [ERR] #/Users/zq/web3/MuCoinPay/mucoin_pay_go/internal/handler/commodity.go#github.com/Zkeai/MuCoinPay/mucoin_pay_go/internal/handler.createCommodity#30行#[[Error 1292 (22007): Incorrect datetime value: '0000-00-00' for column 'create_time' at row 1]]
2024-09-06/22:15:49 [ERR] #/Users/zq/web3/MuCoinPay/mucoin_pay_go/internal/handler/commodity.go#github.com/Zkeai/MuCoinPay/mucoin_pay_go/internal/handler.createCommodity#24行#[[invalid character '{' looking for beginning of object key string]]
2024-09-06/22:15:57 [ERR] #/Users/zq/web3/MuCoinPay/mucoin_pay_go/internal/handler/commodity.go#github.com/Zkeai/MuCoinPay/mucoin_pay_go/internal/handler.createCommodity#24行#[[invalid character '{' looking for beginning of object key string]]
2024-09-06/22:16:07 [ERR] #/Users/zq/web3/MuCoinPay/mucoin_pay_go/internal/handler/commodity.go#github.com/Zkeai/MuCoinPay/mucoin_pay_go/internal/handler.createCommodity#24行#[[json: cannot unmarshal string into Go struct field YuCommodity.owner of type int64]]
2024-09-06/22:16:39 [ERR] #/Users/zq/web3/MuCoinPay/mucoin_pay_go/internal/handler/commodity.go#github.com/Zkeai/MuCoinPay/mucoin_pay_go/internal/handler.createCommodity#24行#[[json: cannot unmarshal number into Go struct field YuCommodity.leave_message of type string]]
2024-09-06/22:31:14 [ERR] #/Users/zq/web3/MuCoinPay/mucoin_pay_go/internal/handler/commodity.go#github.com/Zkeai/MuCoinPay/mucoin_pay_go/internal/handler.createCommodity#30行#[[sql: expected 42 arguments, got 43]]
2024-09-06/22:31:38 [ERR] #/Users/zq/web3/MuCoinPay/mucoin_pay_go/internal/handler/commodity.go#github.com/Zkeai/MuCoinPay/mucoin_pay_go/internal/handler.createCommodity#24行#[[json: cannot unmarshal number into Go struct field YuCommodity.leave_message of type string]]
2024-09-06/22:32:04 [ERR] #/Users/zq/web3/MuCoinPay/mucoin_pay_go/internal/handler/commodity.go#github.com/Zkeai/MuCoinPay/mucoin_pay_go/internal/handler.createCommodity#30行#[[sql: expected 42 arguments, got 43]]
2024-09-06/22:34:07 [ERR] #/Users/zq/web3/MuCoinPay/mucoin_pay_go/internal/handler/commodity.go#github.com/Zkeai/MuCoinPay/mucoin_pay_go/internal/handler.createCommodity#30行#[[sql: expected 42 arguments, got 43]]
2024-09-06/22:34:11 [ERR] #/Users/zq/web3/MuCoinPay/mucoin_pay_go/internal/handler/commodity.go#github.com/Zkeai/MuCoinPay/mucoin_pay_go/internal/handler.createCommodity#30行#[[sql: expected 42 arguments, got 43]]
2024-09-06/22:36:54 [ERR] #/Users/zq/web3/MuCoinPay/mucoin_pay_go/internal/handler/commodity.go#github.com/Zkeai/MuCoinPay/mucoin_pay_go/internal/handler.createCommodity#30行#[[sql: expected 42 arguments, got 43]]
2024-09-06/22:40:58 [ERR] #/Users/zq/web3/MuCoinPay/mucoin_pay_go/internal/handler/commodity.go#github.com/Zkeai/MuCoinPay/mucoin_pay_go/internal/handler.createCommodity#30行#[[sql: expected 42 arguments, got 43]]
2024-09-06/22:46:14 [ERR] #/Users/zq/web3/MuCoinPay/mucoin_pay_go/internal/handler/commodity.go#github.com/Zkeai/MuCoinPay/mucoin_pay_go/internal/handler.createCommodity#30行#[[sql: expected 42 arguments, got 43]]
2024-09-06/22:46:47 [ERR] #/Users/zq/web3/MuCoinPay/mucoin_pay_go/internal/handler/commodity.go#github.com/Zkeai/MuCoinPay/mucoin_pay_go/internal/handler.createCommodity#30行#[[sql: expected 42 arguments, got 43]]
2024-09-06/22:50:37 [ERR] #/Users/zq/web3/MuCoinPay/mucoin_pay_go/internal/handler/commodity.go#github.com/Zkeai/MuCoinPay/mucoin_pay_go/internal/handler.createCommodity#30行#[[sql: expected 42 arguments, got 43]]
2024-09-06/22:51:45 [ERR] #/Users/zq/web3/MuCoinPay/mucoin_pay_go/internal/handler/commodity.go#github.com/Zkeai/MuCoinPay/mucoin_pay_go/internal/handler.createCommodity#30行#[[sql: expected 42 arguments, got 43]]
2024-09-06/22:55:38 [ERR] #/Users/zq/web3/MuCoinPay/mucoin_pay_go/internal/handler/commodity.go#github.com/Zkeai/MuCoinPay/mucoin_pay_go/internal/handler.createCommodity#30行#[[sql: expected 42 arguments, got 43]]
2024-09-06/23:06:19 [ERR] #/Users/zq/web3/MuCoinPay/mucoin_pay_go/internal/handler/commodity.go#github.com/Zkeai/MuCoinPay/mucoin_pay_go/internal/handler.createCommodity#30行#[[Error 1062 (23000): Duplicate entry '商品名称' for key 'yu_commodity.unique_name']]
2024-09-06/23:16:27 [ERR] #/Users/zq/web3/MuCoinPay/mucoin_pay_go/internal/handler/commodity.go#github.com/Zkeai/MuCoinPay/mucoin_pay_go/internal/handler.commodityQuery#49行#[[strconv.ParseInt: parsing "商品名称": invalid syntax]]
